[0531/144043:INFO:(0)] WebCore is now online.
[0531/144043:INFO:(0)] Running Awesomium 1.7.5.1
[0531/144049:WARNING:Awesomium.NET(0)] System.ComponentModel.InvalidAsynchronousStateException: При вызове данного метода произошла ошибка.  Поток-получатель больше не существует.
   в System.Windows.Forms.WindowsFormsSynchronizationContext.Send(SendOrPostCallback d, Object state)
   в Awesomium.Core.WebCore.wvjjlbeQdqUVO5E6FXD(Object , Object , Object )
   в Awesomium.Core.WebCore.ioXQMTP1sf()
[0531/144108:INFO:(0)] WebCore is now online.
[0531/144108:INFO:(0)] Running Awesomium 1.7.5.1
[0531/144116:WARNING:Awesomium.NET(0)] System.ComponentModel.InvalidAsynchronousStateException: При вызове данного метода произошла ошибка.  Поток-получатель больше не существует.
   в System.Windows.Forms.WindowsFormsSynchronizationContext.Send(SendOrPostCallback d, Object state)
   в Awesomium.Core.WebCore.wvjjlbeQdqUVO5E6FXD(Object , Object , Object )
   в Awesomium.Core.WebCore.ioXQMTP1sf()
[0531/144159:INFO:(0)] WebCore is now online.
[0531/144159:INFO:(0)] Running Awesomium 1.7.5.1
[0531/144420:WARNING:Awesomium.NET(0)] System.ComponentModel.InvalidAsynchronousStateException: При вызове данного метода произошла ошибка.  Поток-получатель больше не существует.
   в System.Windows.Forms.WindowsFormsSynchronizationContext.Send(SendOrPostCallback d, Object state)
   в Awesomium.Core.WebCore.wvjjlbeQdqUVO5E6FXD(Object , Object , Object )
   в Awesomium.Core.WebCore.ioXQMTP1sf()
[0531/144426:INFO:(0)] WebCore is now online.
[0531/144426:INFO:(0)] Running Awesomium 1.7.5.1
[0531/144626:WARNING:Awesomium.NET(0)] System.ComponentModel.InvalidAsynchronousStateException: При вызове данного метода произошла ошибка.  Поток-получатель больше не существует.
   в System.Windows.Forms.WindowsFormsSynchronizationContext.Send(SendOrPostCallback d, Object state)
   в Awesomium.Core.WebCore.wvjjlbeQdqUVO5E6FXD(Object , Object , Object )
   в Awesomium.Core.WebCore.ioXQMTP1sf()
[0531/144628:INFO:(0)] WebCore is now online.
[0531/144628:INFO:(0)] Running Awesomium 1.7.5.1
[0531/144633:WARNING:Awesomium.NET(0)] System.ComponentModel.InvalidAsynchronousStateException: При вызове данного метода произошла ошибка.  Поток-получатель больше не существует.
   в System.Windows.Forms.WindowsFormsSynchronizationContext.Send(SendOrPostCallback d, Object state)
   в Awesomium.Core.WebCore.wvjjlbeQdqUVO5E6FXD(Object , Object , Object )
   в Awesomium.Core.WebCore.ioXQMTP1sf()
[0531/144648:INFO:(0)] WebCore is now online.
[0531/144648:INFO:(0)] Running Awesomium 1.7.5.1
[0531/144706:WARNING:Awesomium.NET(0)] System.ComponentModel.InvalidAsynchronousStateException: При вызове данного метода произошла ошибка.  Поток-получатель больше не существует.
   в System.Windows.Forms.WindowsFormsSynchronizationContext.Send(SendOrPostCallback d, Object state)
   в Awesomium.Core.WebCore.wvjjlbeQdqUVO5E6FXD(Object , Object , Object )
   в Awesomium.Core.WebCore.ioXQMTP1sf()
[0531/144831:INFO:(0)] WebCore is now online.
[0531/144831:INFO:(0)] Running Awesomium 1.7.5.1
[0531/144834:WARNING:Awesomium.NET(0)] System.ComponentModel.InvalidAsynchronousStateException: При вызове данного метода произошла ошибка.  Поток-получатель больше не существует.
   в System.Windows.Forms.WindowsFormsSynchronizationContext.Send(SendOrPostCallback d, Object state)
   в Awesomium.Core.WebCore.wvjjlbeQdqUVO5E6FXD(Object , Object , Object )
   в Awesomium.Core.WebCore.ioXQMTP1sf()
[0531/154429:INFO:(0)] WebCore is now online.
[0531/154429:INFO:(0)] Running Awesomium 1.7.5.1
[0531/154439:WARNING:Awesomium.NET(0)] System.ComponentModel.InvalidAsynchronousStateException: При вызове данного метода произошла ошибка.  Поток-получатель больше не существует.
   в System.Windows.Forms.WindowsFormsSynchronizationContext.Send(SendOrPostCallback d, Object state)
   в Awesomium.Core.WebCore.wvjjlbeQdqUVO5E6FXD(Object , Object , Object )
   в Awesomium.Core.WebCore.ioXQMTP1sf()
[0531/154446:INFO:(0)] WebCore is now online.
[0531/154446:INFO:(0)] Running Awesomium 1.7.5.1
[0531/154531:WARNING:Awesomium.NET(0)] System.ComponentModel.InvalidAsynchronousStateException: При вызове данного метода произошла ошибка.  Поток-получатель больше не существует.
   в System.Windows.Forms.WindowsFormsSynchronizationContext.Send(SendOrPostCallback d, Object state)
   в Awesomium.Core.WebCore.wvjjlbeQdqUVO5E6FXD(Object , Object , Object )
   в Awesomium.Core.WebCore.ioXQMTP1sf()
[0531/155657:INFO:(0)] WebCore is now online.
[0531/155657:INFO:(0)] Running Awesomium 1.7.5.1
[0531/155718:WARNING:Awesomium.NET(0)] System.ComponentModel.InvalidAsynchronousStateException: При вызове данного метода произошла ошибка.  Поток-получатель больше не существует.
   в System.Windows.Forms.WindowsFormsSynchronizationContext.Send(SendOrPostCallback d, Object state)
   в Awesomium.Core.WebCore.wvjjlbeQdqUVO5E6FXD(Object , Object , Object )
   в Awesomium.Core.WebCore.ioXQMTP1sf()
[0531/155731:INFO:(0)] WebCore is now online.
[0531/155731:INFO:(0)] Running Awesomium 1.7.5.1
[0531/160009:WARNING:Awesomium.NET(0)] System.ComponentModel.InvalidAsynchronousStateException: При вызове данного метода произошла ошибка.  Поток-получатель больше не существует.
   в System.Windows.Forms.WindowsFormsSynchronizationContext.Send(SendOrPostCallback d, Object state)
   в Awesomium.Core.WebCore.wvjjlbeQdqUVO5E6FXD(Object , Object , Object )
   в Awesomium.Core.WebCore.ioXQMTP1sf()
[0531/160847:INFO:(0)] WebCore is now online.
[0531/160847:INFO:(0)] Running Awesomium 1.7.5.1
[0531/160855:WARNING:Awesomium.NET(0)] System.ComponentModel.InvalidAsynchronousStateException: При вызове данного метода произошла ошибка.  Поток-получатель больше не существует.
   в System.Windows.Forms.WindowsFormsSynchronizationContext.Send(SendOrPostCallback d, Object state)
   в Awesomium.Core.WebCore.wvjjlbeQdqUVO5E6FXD(Object , Object , Object )
   в Awesomium.Core.WebCore.ioXQMTP1sf()
[0531/162046:INFO:(0)] WebCore is now online.
[0531/162046:INFO:(0)] Running Awesomium 1.7.5.1
[0531/162104:WARNING:Awesomium.NET(0)] System.ComponentModel.InvalidAsynchronousStateException: При вызове данного метода произошла ошибка.  Поток-получатель больше не существует.
   в System.Windows.Forms.WindowsFormsSynchronizationContext.Send(SendOrPostCallback d, Object state)
   в Awesomium.Core.WebCore.wvjjlbeQdqUVO5E6FXD(Object , Object , Object )
   в Awesomium.Core.WebCore.ioXQMTP1sf()
[0531/162220:INFO:(0)] WebCore is now online.
[0531/162220:INFO:(0)] Running Awesomium 1.7.5.1
[0531/162230:WARNING:Awesomium.NET(0)] System.ComponentModel.InvalidAsynchronousStateException: При вызове данного метода произошла ошибка.  Поток-получатель больше не существует.
   в System.Windows.Forms.WindowsFormsSynchronizationContext.Send(SendOrPostCallback d, Object state)
   в Awesomium.Core.WebCore.wvjjlbeQdqUVO5E6FXD(Object , Object , Object )
   в Awesomium.Core.WebCore.ioXQMTP1sf()
[0531/163623:INFO:(0)] WebCore is now online.
[0531/163623:INFO:(0)] Running Awesomium 1.7.5.1
[0531/163848:WARNING:Awesomium.NET(0)] System.ComponentModel.InvalidAsynchronousStateException: При вызове данного метода произошла ошибка.  Поток-получатель больше не существует.
   в System.Windows.Forms.WindowsFormsSynchronizationContext.Send(SendOrPostCallback d, Object state)
   в Awesomium.Core.WebCore.wvjjlbeQdqUVO5E6FXD(Object , Object , Object )
   в Awesomium.Core.WebCore.ioXQMTP1sf()
[0531/163956:INFO:(0)] WebCore is now online.
[0531/163956:INFO:(0)] Running Awesomium 1.7.5.1
[0531/164006:WARNING:Awesomium.NET(0)] System.ComponentModel.InvalidAsynchronousStateException: При вызове данного метода произошла ошибка.  Поток-получатель больше не существует.
   в System.Windows.Forms.WindowsFormsSynchronizationContext.Send(SendOrPostCallback d, Object state)
   в Awesomium.Core.WebCore.wvjjlbeQdqUVO5E6FXD(Object , Object , Object )
   в Awesomium.Core.WebCore.ioXQMTP1sf()
[0531/164500:INFO:(0)] WebCore is now online.
[0531/164500:INFO:(0)] Running Awesomium 1.7.5.1
[0531/164632:INFO:(0)] WebCore is now online.
[0531/164632:INFO:(0)] Running Awesomium 1.7.5.1
[0531/164912:INFO:(0)] WebCore is now online.
[0531/164912:INFO:(0)] Running Awesomium 1.7.5.1
[0531/165247:INFO:(0)] WebCore is now online.
[0531/165247:INFO:(0)] Running Awesomium 1.7.5.1
[0531/165255:WARNING:Awesomium.NET(0)] System.ComponentModel.InvalidAsynchronousStateException: При вызове данного метода произошла ошибка.  Поток-получатель больше не существует.
   в System.Windows.Forms.WindowsFormsSynchronizationContext.Send(SendOrPostCallback d, Object state)
   в Awesomium.Core.WebCore.wvjjlbeQdqUVO5E6FXD(Object , Object , Object )
   в Awesomium.Core.WebCore.ioXQMTP1sf()
[0531/165316:INFO:(0)] WebCore is now online.
[0531/165316:INFO:(0)] Running Awesomium 1.7.5.1
[0531/165330:WARNING:Awesomium.NET(0)] System.ComponentModel.InvalidAsynchronousStateException: При вызове данного метода произошла ошибка.  Поток-получатель больше не существует.
   в System.Windows.Forms.WindowsFormsSynchronizationContext.Send(SendOrPostCallback d, Object state)
   в Awesomium.Core.WebCore.wvjjlbeQdqUVO5E6FXD(Object , Object , Object )
   в Awesomium.Core.WebCore.ioXQMTP1sf()
[0531/165710:INFO:(0)] WebCore is now online.
[0531/165710:INFO:(0)] Running Awesomium 1.7.5.1
[0531/165717:WARNING:Awesomium.NET(0)] System.ComponentModel.InvalidAsynchronousStateException: При вызове данного метода произошла ошибка.  Поток-получатель больше не существует.
   в System.Windows.Forms.WindowsFormsSynchronizationContext.Send(SendOrPostCallback d, Object state)
   в Awesomium.Core.WebCore.wvjjlbeQdqUVO5E6FXD(Object , Object , Object )
   в Awesomium.Core.WebCore.ioXQMTP1sf()
[0531/165808:INFO:(0)] WebCore is now online.
[0531/165808:INFO:(0)] Running Awesomium 1.7.5.1
[0531/165925:WARNING:Awesomium.NET(0)] System.ComponentModel.InvalidAsynchronousStateException: При вызове данного метода произошла ошибка.  Поток-получатель больше не существует.
   в System.Windows.Forms.WindowsFormsSynchronizationContext.Send(SendOrPostCallback d, Object state)
   в Awesomium.Core.WebCore.wvjjlbeQdqUVO5E6FXD(Object , Object , Object )
   в Awesomium.Core.WebCore.ioXQMTP1sf()
[0531/165926:INFO:(0)] WebCore is now online.
[0531/165926:INFO:(0)] Running Awesomium 1.7.5.1
[0531/165939:WARNING:Awesomium.NET(0)] System.ComponentModel.InvalidAsynchronousStateException: При вызове данного метода произошла ошибка.  Поток-получатель больше не существует.
   в System.Windows.Forms.WindowsFormsSynchronizationContext.Send(SendOrPostCallback d, Object state)
   в Awesomium.Core.WebCore.wvjjlbeQdqUVO5E6FXD(Object , Object , Object )
   в Awesomium.Core.WebCore.ioXQMTP1sf()
[0531/165946:INFO:(0)] WebCore is now online.
[0531/165946:INFO:(0)] Running Awesomium 1.7.5.1
[0531/170032:INFO:(0)] WebCore is now online.
[0531/170032:INFO:(0)] Running Awesomium 1.7.5.1
[0531/170200:WARNING:Awesomium.NET(0)] System.ComponentModel.InvalidAsynchronousStateException: При вызове данного метода произошла ошибка.  Поток-получатель больше не существует.
   в System.Windows.Forms.WindowsFormsSynchronizationContext.Send(SendOrPostCallback d, Object state)
   в Awesomium.Core.WebCore.wvjjlbeQdqUVO5E6FXD(Object , Object , Object )
   в Awesomium.Core.WebCore.ioXQMTP1sf()
[0531/170206:INFO:(0)] WebCore is now online.
[0531/170206:INFO:(0)] Running Awesomium 1.7.5.1
[0531/170214:WARNING:Awesomium.NET(0)] System.ComponentModel.InvalidAsynchronousStateException: При вызове данного метода произошла ошибка.  Поток-получатель больше не существует.
   в System.Windows.Forms.WindowsFormsSynchronizationContext.Send(SendOrPostCallback d, Object state)
   в Awesomium.Core.WebCore.wvjjlbeQdqUVO5E6FXD(Object , Object , Object )
   в Awesomium.Core.WebCore.ioXQMTP1sf()
[0531/170439:INFO:(0)] WebCore is now online.
[0531/170439:INFO:(0)] Running Awesomium 1.7.5.1
[0531/170447:WARNING:Awesomium.NET(0)] System.ComponentModel.InvalidAsynchronousStateException: При вызове данного метода произошла ошибка.  Поток-получатель больше не существует.
   в System.Windows.Forms.WindowsFormsSynchronizationContext.Send(SendOrPostCallback d, Object state)
   в Awesomium.Core.WebCore.wvjjlbeQdqUVO5E6FXD(Object , Object , Object )
   в Awesomium.Core.WebCore.ioXQMTP1sf()
[0531/170507:INFO:(0)] WebCore is now online.
[0531/170507:INFO:(0)] Running Awesomium 1.7.5.1
[0531/170536:WARNING:Awesomium.NET(0)] System.ComponentModel.InvalidAsynchronousStateException: При вызове данного метода произошла ошибка.  Поток-получатель больше не существует.
   в System.Windows.Forms.WindowsFormsSynchronizationContext.Send(SendOrPostCallback d, Object state)
   в Awesomium.Core.WebCore.wvjjlbeQdqUVO5E6FXD(Object , Object , Object )
   в Awesomium.Core.WebCore.ioXQMTP1sf()
[0531/215424:INFO:(0)] WebCore is now online.
[0531/215424:INFO:(0)] Running Awesomium 1.7.5.1
[0531/215442:WARNING:Awesomium.NET(0)] System.ComponentModel.InvalidAsynchronousStateException: При вызове данного метода произошла ошибка.  Поток-получатель больше не существует.
   в System.Windows.Forms.WindowsFormsSynchronizationContext.Send(SendOrPostCallback d, Object state)
   в Awesomium.Core.WebCore.wvjjlbeQdqUVO5E6FXD(Object , Object , Object )
   в Awesomium.Core.WebCore.ioXQMTP1sf()
[0531/231815:INFO:(0)] WebCore is now online.
[0531/231816:INFO:(0)] Running Awesomium 1.7.5.1
[0531/231955:WARNING:Awesomium.NET(0)] System.ComponentModel.InvalidAsynchronousStateException: При вызове данного метода произошла ошибка.  Поток-получатель больше не существует.
   в System.Windows.Forms.WindowsFormsSynchronizationContext.Send(SendOrPostCallback d, Object state)
   в Awesomium.Core.WebCore.wvjjlbeQdqUVO5E6FXD(Object , Object , Object )
   в Awesomium.Core.WebCore.ioXQMTP1sf()
[0531/232119:INFO:(0)] WebCore is now online.
[0531/232119:INFO:(0)] Running Awesomium 1.7.5.1
[0531/232133:WARNING:Awesomium.NET(0)] System.ComponentModel.InvalidAsynchronousStateException: При вызове данного метода произошла ошибка.  Поток-получатель больше не существует.
   в System.Windows.Forms.WindowsFormsSynchronizationContext.Send(SendOrPostCallback d, Object state)
   в Awesomium.Core.WebCore.wvjjlbeQdqUVO5E6FXD(Object , Object , Object )
   в Awesomium.Core.WebCore.ioXQMTP1sf()
[0531/232212:INFO:(0)] WebCore is now online.
[0531/232212:INFO:(0)] Running Awesomium 1.7.5.1
[0531/232234:WARNING:Awesomium.NET(0)] System.ComponentModel.InvalidAsynchronousStateException: При вызове данного метода произошла ошибка.  Поток-получатель больше не существует.
   в System.Windows.Forms.WindowsFormsSynchronizationContext.Send(SendOrPostCallback d, Object state)
   в Awesomium.Core.WebCore.wvjjlbeQdqUVO5E6FXD(Object , Object , Object )
   в Awesomium.Core.WebCore.ioXQMTP1sf()
[0531/233054:INFO:(0)] WebCore is now online.
[0531/233054:INFO:(0)] Running Awesomium 1.7.5.1
[0531/233128:WARNING:Awesomium.NET(0)] System.ComponentModel.InvalidAsynchronousStateException: При вызове данного метода произошла ошибка.  Поток-получатель больше не существует.
   в System.Windows.Forms.WindowsFormsSynchronizationContext.Send(SendOrPostCallback d, Object state)
   в Awesomium.Core.WebCore.wvjjlbeQdqUVO5E6FXD(Object , Object , Object )
   в Awesomium.Core.WebCore.ioXQMTP1sf()
[0531/233350:INFO:(0)] WebCore is now online.
[0531/233350:INFO:(0)] Running Awesomium 1.7.5.1
[0531/233404:WARNING:Awesomium.NET(0)] System.ComponentModel.InvalidAsynchronousStateException: При вызове данного метода произошла ошибка.  Поток-получатель больше не существует.
   в System.Windows.Forms.WindowsFormsSynchronizationContext.Send(SendOrPostCallback d, Object state)
   в Awesomium.Core.WebCore.wvjjlbeQdqUVO5E6FXD(Object , Object , Object )
   в Awesomium.Core.WebCore.ioXQMTP1sf()
[0531/233502:INFO:(0)] WebCore is now online.
[0531/233502:INFO:(0)] Running Awesomium 1.7.5.1
[0531/233515:WARNING:Awesomium.NET(0)] System.ComponentModel.InvalidAsynchronousStateException: При вызове данного метода произошла ошибка.  Поток-получатель больше не существует.
   в System.Windows.Forms.WindowsFormsSynchronizationContext.Send(SendOrPostCallback d, Object state)
   в Awesomium.Core.WebCore.wvjjlbeQdqUVO5E6FXD(Object , Object , Object )
   в Awesomium.Core.WebCore.ioXQMTP1sf()
[0531/233525:INFO:(0)] WebCore is now online.
[0531/233525:INFO:(0)] Running Awesomium 1.7.5.1
[0531/234256:INFO:(0)] WebCore is now online.
[0531/234256:INFO:(0)] Running Awesomium 1.7.5.1
[0531/234615:WARNING:Awesomium.NET(0)] System.ComponentModel.InvalidAsynchronousStateException: При вызове данного метода произошла ошибка.  Поток-получатель больше не существует.
   в System.Windows.Forms.WindowsFormsSynchronizationContext.Send(SendOrPostCallback d, Object state)
   в Awesomium.Core.WebCore.wvjjlbeQdqUVO5E6FXD(Object , Object , Object )
   в Awesomium.Core.WebCore.ioXQMTP1sf()
[0531/234648:INFO:(0)] WebCore is now online.
[0531/234648:INFO:(0)] Running Awesomium 1.7.5.1
[0531/234707:WARNING:Awesomium.NET(0)] System.ComponentModel.InvalidAsynchronousStateException: При вызове данного метода произошла ошибка.  Поток-получатель больше не существует.
   в System.Windows.Forms.WindowsFormsSynchronizationContext.Send(SendOrPostCallback d, Object state)
   в Awesomium.Core.WebCore.wvjjlbeQdqUVO5E6FXD(Object , Object , Object )
   в Awesomium.Core.WebCore.ioXQMTP1sf()
[0531/235857:INFO:(0)] WebCore is now online.
[0531/235857:INFO:(0)] Running Awesomium 1.7.5.1
[0531/235913:WARNING:Awesomium.NET(0)] Awesomium.Core.AweInvalidOperationException: The calling thread cannot access this object because a different thread owns it.


[0531/235916:WARNING:Awesomium.NET(0)] Awesomium.Core.AweInvalidOperationException: The calling thread cannot access this object because a different thread owns it.


[0601/000234:INFO:(0)] WebCore is now online.
[0601/000234:INFO:(0)] Running Awesomium 1.7.5.1
[0601/000251:WARNING:Awesomium.NET(0)] System.ComponentModel.InvalidAsynchronousStateException: При вызове данного метода произошла ошибка.  Поток-получатель больше не существует.
   в System.Windows.Forms.WindowsFormsSynchronizationContext.Send(SendOrPostCallback d, Object state)
   в Awesomium.Core.WebCore.wvjjlbeQdqUVO5E6FXD(Object , Object , Object )
   в Awesomium.Core.WebCore.ioXQMTP1sf()
[0601/000423:INFO:(0)] WebCore is now online.
[0601/000423:INFO:(0)] Running Awesomium 1.7.5.1
[0601/000438:WARNING:Awesomium.NET(0)] System.ComponentModel.InvalidAsynchronousStateException: При вызове данного метода произошла ошибка.  Поток-получатель больше не существует.
   в System.Windows.Forms.WindowsFormsSynchronizationContext.Send(SendOrPostCallback d, Object state)
   в Awesomium.Core.WebCore.wvjjlbeQdqUVO5E6FXD(Object , Object , Object )
   в Awesomium.Core.WebCore.ioXQMTP1sf()
[0601/000556:INFO:(0)] WebCore is now online.
[0601/000556:INFO:(0)] Running Awesomium 1.7.5.1
[0601/000606:WARNING:Awesomium.NET(0)] Awesomium.Core.AweInvalidOperationException: The calling thread cannot access this object because a different thread owns it.


[0601/000608:WARNING:Awesomium.NET(0)] Awesomium.Core.AweInvalidOperationException: The calling thread cannot access this object because a different thread owns it.


[0601/000715:INFO:(0)] WebCore is now online.
[0601/000715:INFO:(0)] Running Awesomium 1.7.5.1
[0601/000734:WARNING:Awesomium.NET(0)] System.ComponentModel.InvalidAsynchronousStateException: При вызове данного метода произошла ошибка.  Поток-получатель больше не существует.
   в System.Windows.Forms.WindowsFormsSynchronizationContext.Send(SendOrPostCallback d, Object state)
   в Awesomium.Core.WebCore.wvjjlbeQdqUVO5E6FXD(Object , Object , Object )
   в Awesomium.Core.WebCore.ioXQMTP1sf()
[0601/000749:INFO:(0)] WebCore is now online.
[0601/000749:INFO:(0)] Running Awesomium 1.7.5.1
[0601/000801:WARNING:Awesomium.NET(0)] System.ComponentModel.InvalidAsynchronousStateException: При вызове данного метода произошла ошибка.  Поток-получатель больше не существует.
   в System.Windows.Forms.WindowsFormsSynchronizationContext.Send(SendOrPostCallback d, Object state)
   в Awesomium.Core.WebCore.wvjjlbeQdqUVO5E6FXD(Object , Object , Object )
   в Awesomium.Core.WebCore.ioXQMTP1sf()
[0601/002505:INFO:(0)] WebCore is now online.
[0601/002505:INFO:(0)] Running Awesomium 1.7.5.1
[0601/003039:INFO:(0)] WebCore is now online.
[0601/003039:INFO:(0)] Running Awesomium 1.7.5.1
[0601/003057:WARNING:Awesomium.NET(0)] System.ComponentModel.InvalidAsynchronousStateException: При вызове данного метода произошла ошибка.  Поток-получатель больше не существует.
   в System.Windows.Forms.WindowsFormsSynchronizationContext.Send(SendOrPostCallback d, Object state)
   в Awesomium.Core.WebCore.wvjjlbeQdqUVO5E6FXD(Object , Object , Object )
   в Awesomium.Core.WebCore.ioXQMTP1sf()
[0601/003100:INFO:(0)] WebCore is now online.
[0601/003100:INFO:(0)] Running Awesomium 1.7.5.1
[0601/003131:WARNING:Awesomium.NET(0)] Awesomium.Core.AweInvalidOperationException: The calling thread cannot access this object because a different thread owns it.


[0601/003133:WARNING:Awesomium.NET(0)] Awesomium.Core.AweInvalidOperationException: The calling thread cannot access this object because a different thread owns it.


[0601/101605:INFO:(0)] WebCore is now online.
[0601/101605:INFO:(0)] Running Awesomium 1.7.5.1
[0601/102139:WARNING:Awesomium.NET(0)] System.ComponentModel.InvalidAsynchronousStateException: При вызове данного метода произошла ошибка.  Поток-получатель больше не существует.
   в System.Windows.Forms.WindowsFormsSynchronizationContext.Send(SendOrPostCallback d, Object state)
   в Awesomium.Core.WebCore.wvjjlbeQdqUVO5E6FXD(Object , Object , Object )
   в Awesomium.Core.WebCore.ioXQMTP1sf()
[0601/102142:INFO:(0)] WebCore is now online.
[0601/102142:INFO:(0)] Running Awesomium 1.7.5.1
[0601/103158:WARNING:Awesomium.NET(0)] System.ComponentModel.InvalidAsynchronousStateException: При вызове данного метода произошла ошибка.  Поток-получатель больше не существует.
   в System.Windows.Forms.WindowsFormsSynchronizationContext.Send(SendOrPostCallback d, Object state)
   в Awesomium.Core.WebCore.wvjjlbeQdqUVO5E6FXD(Object , Object , Object )
   в Awesomium.Core.WebCore.ioXQMTP1sf()
[0601/103200:INFO:(0)] WebCore is now online.
[0601/103200:INFO:(0)] Running Awesomium 1.7.5.1
[0601/103215:WARNING:Awesomium.NET(0)] System.ComponentModel.InvalidAsynchronousStateException: При вызове данного метода произошла ошибка.  Поток-получатель больше не существует.
   в System.Windows.Forms.WindowsFormsSynchronizationContext.Send(SendOrPostCallback d, Object state)
   в Awesomium.Core.WebCore.wvjjlbeQdqUVO5E6FXD(Object , Object , Object )
   в Awesomium.Core.WebCore.ioXQMTP1sf()
[0601/104225:INFO:(0)] WebCore is now online.
[0601/104225:INFO:(0)] Running Awesomium 1.7.5.1
[0601/104239:WARNING:Awesomium.NET(0)] System.ComponentModel.InvalidAsynchronousStateException: При вызове данного метода произошла ошибка.  Поток-получатель больше не существует.
   в System.Windows.Forms.WindowsFormsSynchronizationContext.Send(SendOrPostCallback d, Object state)
   в Awesomium.Core.WebCore.wvjjlbeQdqUVO5E6FXD(Object , Object , Object )
   в Awesomium.Core.WebCore.ioXQMTP1sf()
[0601/104256:INFO:(0)] WebCore is now online.
[0601/104256:INFO:(0)] Running Awesomium 1.7.5.1
[0601/104308:WARNING:Awesomium.NET(0)] System.ComponentModel.InvalidAsynchronousStateException: При вызове данного метода произошла ошибка.  Поток-получатель больше не существует.
   в System.Windows.Forms.WindowsFormsSynchronizationContext.Send(SendOrPostCallback d, Object state)
   в Awesomium.Core.WebCore.wvjjlbeQdqUVO5E6FXD(Object , Object , Object )
   в Awesomium.Core.WebCore.ioXQMTP1sf()
[0601/104345:INFO:(0)] WebCore is now online.
[0601/104345:INFO:(0)] Running Awesomium 1.7.5.1
[0601/104347:WARNING:Awesomium.NET(0)] System.ComponentModel.InvalidAsynchronousStateException: При вызове данного метода произошла ошибка.  Поток-получатель больше не существует.
   в System.Windows.Forms.WindowsFormsSynchronizationContext.Send(SendOrPostCallback d, Object state)
   в Awesomium.Core.WebCore.wvjjlbeQdqUVO5E6FXD(Object , Object , Object )
   в Awesomium.Core.WebCore.ioXQMTP1sf()
[0601/104358:INFO:(0)] WebCore is now online.
[0601/104358:INFO:(0)] Running Awesomium 1.7.5.1
[0601/112604:WARNING:Awesomium.NET(0)] System.ComponentModel.InvalidAsynchronousStateException: При вызове данного метода произошла ошибка.  Поток-получатель больше не существует.
   в System.Windows.Forms.WindowsFormsSynchronizationContext.Send(SendOrPostCallback d, Object state)
   в Awesomium.Core.WebCore.wvjjlbeQdqUVO5E6FXD(Object , Object , Object )
   в Awesomium.Core.WebCore.ioXQMTP1sf()
[0601/112815:INFO:(0)] WebCore is now online.
[0601/112815:INFO:(0)] Running Awesomium 1.7.5.1
[0601/113002:WARNING:Awesomium.NET(0)] Awesomium.Core.AweInvalidOperationException: The calling thread cannot access this object because a different thread owns it.


[0601/113014:WARNING:Awesomium.NET(0)] Awesomium.Core.AweInvalidOperationException: The calling thread cannot access this object because a different thread owns it.


[0601/113030:INFO:(0)] WebCore is now online.
[0601/113030:INFO:(0)] Running Awesomium 1.7.5.1
[0601/113112:WARNING:Awesomium.NET(0)] System.ComponentModel.InvalidAsynchronousStateException: При вызове данного метода произошла ошибка.  Поток-получатель больше не существует.
   в System.Windows.Forms.WindowsFormsSynchronizationContext.Send(SendOrPostCallback d, Object state)
   в Awesomium.Core.WebCore.wvjjlbeQdqUVO5E6FXD(Object , Object , Object )
   в Awesomium.Core.WebCore.ioXQMTP1sf()
[0601/113217:INFO:(0)] WebCore is now online.
[0601/113217:INFO:(0)] Running Awesomium 1.7.5.1
[0601/113558:WARNING:Awesomium.NET(0)] System.ComponentModel.InvalidAsynchronousStateException: При вызове данного метода произошла ошибка.  Поток-получатель больше не существует.
   в System.Windows.Forms.WindowsFormsSynchronizationContext.Send(SendOrPostCallback d, Object state)
   в Awesomium.Core.WebCore.wvjjlbeQdqUVO5E6FXD(Object , Object , Object )
   в Awesomium.Core.WebCore.ioXQMTP1sf()
[0601/113610:INFO:(0)] WebCore is now online.
[0601/113610:INFO:(0)] Running Awesomium 1.7.5.1
[0601/113700:WARNING:Awesomium.NET(0)] System.ComponentModel.InvalidAsynchronousStateException: При вызове данного метода произошла ошибка.  Поток-получатель больше не существует.
   в System.Windows.Forms.WindowsFormsSynchronizationContext.Send(SendOrPostCallback d, Object state)
   в Awesomium.Core.WebCore.wvjjlbeQdqUVO5E6FXD(Object , Object , Object )
   в Awesomium.Core.WebCore.ioXQMTP1sf()
[0601/113705:INFO:(0)] WebCore is now online.
[0601/113705:INFO:(0)] Running Awesomium 1.7.5.1
[0601/114051:WARNING:Awesomium.NET(0)] System.ComponentModel.InvalidAsynchronousStateException: При вызове данного метода произошла ошибка.  Поток-получатель больше не существует.
   в System.Windows.Forms.WindowsFormsSynchronizationContext.Send(SendOrPostCallback d, Object state)
   в Awesomium.Core.WebCore.wvjjlbeQdqUVO5E6FXD(Object , Object , Object )
   в Awesomium.Core.WebCore.ioXQMTP1sf()
[0601/114052:INFO:(0)] WebCore is now online.
[0601/114052:INFO:(0)] Running Awesomium 1.7.5.1
[0601/114111:WARNING:Awesomium.NET(0)] System.ComponentModel.InvalidAsynchronousStateException: При вызове данного метода произошла ошибка.  Поток-получатель больше не существует.
   в System.Windows.Forms.WindowsFormsSynchronizationContext.Send(SendOrPostCallback d, Object state)
   в Awesomium.Core.WebCore.wvjjlbeQdqUVO5E6FXD(Object , Object , Object )
   в Awesomium.Core.WebCore.ioXQMTP1sf()
[0601/114216:INFO:(0)] WebCore is now online.
[0601/114216:INFO:(0)] Running Awesomium 1.7.5.1
[0601/114429:WARNING:Awesomium.NET(0)] System.ComponentModel.InvalidAsynchronousStateException: При вызове данного метода произошла ошибка.  Поток-получатель больше не существует.
   в System.Windows.Forms.WindowsFormsSynchronizationContext.Send(SendOrPostCallback d, Object state)
   в Awesomium.Core.WebCore.wvjjlbeQdqUVO5E6FXD(Object , Object , Object )
   в Awesomium.Core.WebCore.ioXQMTP1sf()
[0601/114432:INFO:(0)] WebCore is now online.
[0601/114432:INFO:(0)] Running Awesomium 1.7.5.1
[0601/114602:WARNING:Awesomium.NET(0)] System.ComponentModel.InvalidAsynchronousStateException: При вызове данного метода произошла ошибка.  Поток-получатель больше не существует.
   в System.Windows.Forms.WindowsFormsSynchronizationContext.Send(SendOrPostCallback d, Object state)
   в Awesomium.Core.WebCore.wvjjlbeQdqUVO5E6FXD(Object , Object , Object )
   в Awesomium.Core.WebCore.ioXQMTP1sf()
[0601/115406:INFO:(0)] WebCore is now online.
[0601/115406:INFO:(0)] Running Awesomium 1.7.5.1
[0601/115407:WARNING:Awesomium.NET(0)] System.ComponentModel.InvalidAsynchronousStateException: При вызове данного метода произошла ошибка.  Поток-получатель больше не существует.
   в System.Windows.Forms.WindowsFormsSynchronizationContext.Send(SendOrPostCallback d, Object state)
   в Awesomium.Core.WebCore.wvjjlbeQdqUVO5E6FXD(Object , Object , Object )
   в Awesomium.Core.WebCore.ioXQMTP1sf()
[0601/115430:INFO:(0)] WebCore is now online.
[0601/115430:INFO:(0)] Running Awesomium 1.7.5.1
[0601/115452:WARNING:Awesomium.NET(0)] Awesomium.Core.AweInvalidOperationException: The calling thread cannot access this object because a different thread owns it.


[0601/115454:WARNING:Awesomium.NET(0)] Awesomium.Core.AweInvalidOperationException: The calling thread cannot access this object because a different thread owns it.


[0601/115504:INFO:(0)] WebCore is now online.
[0601/115504:INFO:(0)] Running Awesomium 1.7.5.1
[0601/115607:WARNING:Awesomium.NET(0)] System.ComponentModel.InvalidAsynchronousStateException: При вызове данного метода произошла ошибка.  Поток-получатель больше не существует.
   в System.Windows.Forms.WindowsFormsSynchronizationContext.Send(SendOrPostCallback d, Object state)
   в Awesomium.Core.WebCore.wvjjlbeQdqUVO5E6FXD(Object , Object , Object )
   в Awesomium.Core.WebCore.ioXQMTP1sf()
[0601/120641:INFO:(0)] WebCore is now online.
[0601/120641:INFO:(0)] Running Awesomium 1.7.5.1
[0601/120648:WARNING:Awesomium.NET(0)] System.ComponentModel.InvalidAsynchronousStateException: При вызове данного метода произошла ошибка.  Поток-получатель больше не существует.
   в System.Windows.Forms.WindowsFormsSynchronizationContext.Send(SendOrPostCallback d, Object state)
   в Awesomium.Core.WebCore.wvjjlbeQdqUVO5E6FXD(Object , Object , Object )
   в Awesomium.Core.WebCore.ioXQMTP1sf()
[0601/120739:INFO:(0)] WebCore is now online.
[0601/120739:INFO:(0)] Running Awesomium 1.7.5.1
[0601/120819:WARNING:Awesomium.NET(0)] System.ComponentModel.InvalidAsynchronousStateException: При вызове данного метода произошла ошибка.  Поток-получатель больше не существует.
   в System.Windows.Forms.WindowsFormsSynchronizationContext.Send(SendOrPostCallback d, Object state)
   в Awesomium.Core.WebCore.wvjjlbeQdqUVO5E6FXD(Object , Object , Object )
   в Awesomium.Core.WebCore.ioXQMTP1sf()
[0601/120836:INFO:(0)] WebCore is now online.
[0601/120836:INFO:(0)] Running Awesomium 1.7.5.1
[0601/120844:WARNING:Awesomium.NET(0)] System.ComponentModel.InvalidAsynchronousStateException: При вызове данного метода произошла ошибка.  Поток-получатель больше не существует.
   в System.Windows.Forms.WindowsFormsSynchronizationContext.Send(SendOrPostCallback d, Object state)
   в Awesomium.Core.WebCore.wvjjlbeQdqUVO5E6FXD(Object , Object , Object )
   в Awesomium.Core.WebCore.ioXQMTP1sf()
[0601/120853:INFO:(0)] WebCore is now online.
[0601/120853:INFO:(0)] Running Awesomium 1.7.5.1
[0601/121100:INFO:(0)] WebCore is now online.
[0601/121100:INFO:(0)] Running Awesomium 1.7.5.1
[0601/121339:WARNING:Awesomium.NET(0)] System.ComponentModel.InvalidAsynchronousStateException: При вызове данного метода произошла ошибка.  Поток-получатель больше не существует.
   в System.Windows.Forms.WindowsFormsSynchronizationContext.Send(SendOrPostCallback d, Object state)
   в Awesomium.Core.WebCore.wvjjlbeQdqUVO5E6FXD(Object , Object , Object )
   в Awesomium.Core.WebCore.ioXQMTP1sf()
[0601/134354:INFO:(0)] WebCore is now online.
[0601/134354:INFO:(0)] Running Awesomium 1.7.5.1
[0601/134359:WARNING:Awesomium.NET(0)] System.ComponentModel.InvalidAsynchronousStateException: При вызове данного метода произошла ошибка.  Поток-получатель больше не существует.
   в System.Windows.Forms.WindowsFormsSynchronizationContext.Send(SendOrPostCallback d, Object state)
   в Awesomium.Core.WebCore.wvjjlbeQdqUVO5E6FXD(Object , Object , Object )
   в Awesomium.Core.WebCore.ioXQMTP1sf()
[0601/134402:INFO:(0)] WebCore is now online.
[0601/134402:INFO:(0)] Running Awesomium 1.7.5.1
[0601/134432:INFO:(0)] WebCore is now online.
[0601/134432:INFO:(0)] Running Awesomium 1.7.5.1
[0601/134447:INFO:(0)] WebCore is now online.
[0601/134447:INFO:(0)] Running Awesomium 1.7.5.1
[0601/134458:WARNING:Awesomium.NET(0)] Awesomium.Core.AweInvalidOperationException: The calling thread cannot access this object because a different thread owns it.


[0601/134502:WARNING:Awesomium.NET(0)] Awesomium.Core.AweInvalidOperationException: The calling thread cannot access this object because a different thread owns it.


[0601/134626:INFO:(0)] WebCore is now online.
[0601/134626:INFO:(0)] Running Awesomium 1.7.5.1
[0601/134740:INFO:(0)] WebCore is now online.
[0601/134740:INFO:(0)] Running Awesomium 1.7.5.1
[0601/134755:INFO:(0)] WebCore is now online.
[0601/134755:INFO:(0)] Running Awesomium 1.7.5.1
[0601/135808:INFO:(0)] WebCore is now online.
[0601/135808:INFO:(0)] Running Awesomium 1.7.5.1
[0601/140158:INFO:(0)] WebCore is now online.
[0601/140158:INFO:(0)] Running Awesomium 1.7.5.1
[0601/140755:WARNING:Awesomium.NET(0)] System.ComponentModel.InvalidAsynchronousStateException: При вызове данного метода произошла ошибка.  Поток-получатель больше не существует.
   в System.Windows.Forms.WindowsFormsSynchronizationContext.Send(SendOrPostCallback d, Object state)
   в Awesomium.Core.WebCore.wvjjlbeQdqUVO5E6FXD(Object , Object , Object )
   в Awesomium.Core.WebCore.ioXQMTP1sf()
[0601/140847:INFO:(0)] WebCore is now online.
[0601/140847:INFO:(0)] Running Awesomium 1.7.5.1
[0601/140911:WARNING:Awesomium.NET(0)] Awesomium.Core.AweInvalidOperationException: The calling thread cannot access this object because a different thread owns it.


[0601/140925:WARNING:Awesomium.NET(0)] Awesomium.Core.AweInvalidOperationException: The calling thread cannot access this object because a different thread owns it.


[0601/140931:INFO:(0)] WebCore is now online.
[0601/140931:INFO:(0)] Running Awesomium 1.7.5.1
[0601/141246:WARNING:Awesomium.NET(0)] System.ComponentModel.InvalidAsynchronousStateException: При вызове данного метода произошла ошибка.  Поток-получатель больше не существует.
   в System.Windows.Forms.WindowsFormsSynchronizationContext.Send(SendOrPostCallback d, Object state)
   в Awesomium.Core.WebCore.wvjjlbeQdqUVO5E6FXD(Object , Object , Object )
   в Awesomium.Core.WebCore.ioXQMTP1sf()
[0601/141320:INFO:(0)] WebCore is now online.
[0601/141320:INFO:(0)] Running Awesomium 1.7.5.1
[0601/144951:WARNING:Awesomium.NET(0)] System.ComponentModel.InvalidAsynchronousStateException: При вызове данного метода произошла ошибка.  Поток-получатель больше не существует.
   в System.Windows.Forms.WindowsFormsSynchronizationContext.Send(SendOrPostCallback d, Object state)
   в Awesomium.Core.WebCore.wvjjlbeQdqUVO5E6FXD(Object , Object , Object )
   в Awesomium.Core.WebCore.ioXQMTP1sf()
[0601/145047:INFO:(0)] WebCore is now online.
[0601/145047:INFO:(0)] Running Awesomium 1.7.5.1
[0601/150105:INFO:(0)] WebCore is now online.
[0601/150105:INFO:(0)] Running Awesomium 1.7.5.1
[0601/150443:WARNING:Awesomium.NET(0)] System.ComponentModel.InvalidAsynchronousStateException: При вызове данного метода произошла ошибка.  Поток-получатель больше не существует.
   в System.Windows.Forms.WindowsFormsSynchronizationContext.Send(SendOrPostCallback d, Object state)
   в Awesomium.Core.WebCore.wvjjlbeQdqUVO5E6FXD(Object , Object , Object )
   в Awesomium.Core.WebCore.ioXQMTP1sf()
[0601/150648:INFO:(0)] WebCore is now online.
[0601/150648:INFO:(0)] Running Awesomium 1.7.5.1
[0601/150702:WARNING:Awesomium.NET(0)] System.ComponentModel.InvalidAsynchronousStateException: При вызове данного метода произошла ошибка.  Поток-получатель больше не существует.
   в System.Windows.Forms.WindowsFormsSynchronizationContext.Send(SendOrPostCallback d, Object state)
   в Awesomium.Core.WebCore.wvjjlbeQdqUVO5E6FXD(Object , Object , Object )
   в Awesomium.Core.WebCore.ioXQMTP1sf()
[0601/150727:INFO:(0)] WebCore is now online.
[0601/150727:INFO:(0)] Running Awesomium 1.7.5.1
[0601/151911:WARNING:Awesomium.NET(0)] System.ComponentModel.InvalidAsynchronousStateException: При вызове данного метода произошла ошибка.  Поток-получатель больше не существует.
   в System.Windows.Forms.WindowsFormsSynchronizationContext.Send(SendOrPostCallback d, Object state)
   в Awesomium.Core.WebCore.wvjjlbeQdqUVO5E6FXD(Object , Object , Object )
   в Awesomium.Core.WebCore.ioXQMTP1sf()
[0601/152408:INFO:(0)] WebCore is now online.
[0601/152408:INFO:(0)] Running Awesomium 1.7.5.1
[0601/152417:WARNING:Awesomium.NET(0)] Awesomium.Core.AweInvalidOperationException: The calling thread cannot access this object because a different thread owns it.


[0601/152421:WARNING:Awesomium.NET(0)] Awesomium.Core.AweInvalidOperationException: The calling thread cannot access this object because a different thread owns it.


[0601/152425:INFO:(0)] WebCore is now online.
[0601/152425:INFO:(0)] Running Awesomium 1.7.5.1
[0601/152444:INFO:(0)] WebCore is now online.
[0601/152444:INFO:(0)] Running Awesomium 1.7.5.1
[0601/152519:WARNING:Awesomium.NET(0)] System.ComponentModel.InvalidAsynchronousStateException: При вызове данного метода произошла ошибка.  Поток-получатель больше не существует.
   в System.Windows.Forms.WindowsFormsSynchronizationContext.Send(SendOrPostCallback d, Object state)
   в Awesomium.Core.WebCore.wvjjlbeQdqUVO5E6FXD(Object , Object , Object )
   в Awesomium.Core.WebCore.ioXQMTP1sf()
[0601/152602:INFO:(0)] WebCore is now online.
[0601/152602:INFO:(0)] Running Awesomium 1.7.5.1
[0601/152831:WARNING:Awesomium.NET(0)] System.ComponentModel.InvalidAsynchronousStateException: При вызове данного метода произошла ошибка.  Поток-получатель больше не существует.
   в System.Windows.Forms.WindowsFormsSynchronizationContext.Send(SendOrPostCallback d, Object state)
   в Awesomium.Core.WebCore.wvjjlbeQdqUVO5E6FXD(Object , Object , Object )
   в Awesomium.Core.WebCore.ioXQMTP1sf()
[0601/152840:INFO:(0)] WebCore is now online.
[0601/152840:INFO:(0)] Running Awesomium 1.7.5.1
[0601/152843:WARNING:Awesomium.NET(0)] Awesomium.Core.AweInvalidOperationException: The calling thread cannot access this object because a different thread owns it.


[0601/152845:WARNING:Awesomium.NET(0)] Awesomium.Core.AweInvalidOperationException: The calling thread cannot access this object because a different thread owns it.


[0601/152902:INFO:(0)] WebCore is now online.
[0601/152902:INFO:(0)] Running Awesomium 1.7.5.1
[0601/152916:WARNING:Awesomium.NET(0)] System.ComponentModel.InvalidAsynchronousStateException: При вызове данного метода произошла ошибка.  Поток-получатель больше не существует.
   в System.Windows.Forms.WindowsFormsSynchronizationContext.Send(SendOrPostCallback d, Object state)
   в Awesomium.Core.WebCore.wvjjlbeQdqUVO5E6FXD(Object , Object , Object )
   в Awesomium.Core.WebCore.ioXQMTP1sf()
[0601/153454:INFO:(0)] WebCore is now online.
[0601/153454:INFO:(0)] Running Awesomium 1.7.5.1
[0601/153527:WARNING:Awesomium.NET(0)] System.ComponentModel.InvalidAsynchronousStateException: При вызове данного метода произошла ошибка.  Поток-получатель больше не существует.
   в System.Windows.Forms.WindowsFormsSynchronizationContext.Send(SendOrPostCallback d, Object state)
   в Awesomium.Core.WebCore.wvjjlbeQdqUVO5E6FXD(Object , Object , Object )
   в Awesomium.Core.WebCore.ioXQMTP1sf()
[0601/153631:INFO:(0)] WebCore is now online.
[0601/153631:INFO:(0)] Running Awesomium 1.7.5.1
[0601/153651:WARNING:Awesomium.NET(0)] System.ComponentModel.InvalidAsynchronousStateException: При вызове данного метода произошла ошибка.  Поток-получатель больше не существует.
   в System.Windows.Forms.WindowsFormsSynchronizationContext.Send(SendOrPostCallback d, Object state)
   в Awesomium.Core.WebCore.wvjjlbeQdqUVO5E6FXD(Object , Object , Object )
   в Awesomium.Core.WebCore.ioXQMTP1sf()
[0601/153716:INFO:(0)] WebCore is now online.
[0601/153716:INFO:(0)] Running Awesomium 1.7.5.1
[0601/153735:WARNING:Awesomium.NET(0)] System.ComponentModel.InvalidAsynchronousStateException: При вызове данного метода произошла ошибка.  Поток-получатель больше не существует.
   в System.Windows.Forms.WindowsFormsSynchronizationContext.Send(SendOrPostCallback d, Object state)
   в Awesomium.Core.WebCore.wvjjlbeQdqUVO5E6FXD(Object , Object , Object )
   в Awesomium.Core.WebCore.ioXQMTP1sf()
[0601/153744:INFO:(0)] WebCore is now online.
[0601/153744:INFO:(0)] Running Awesomium 1.7.5.1
[0601/153753:WARNING:Awesomium.NET(0)] System.ComponentModel.InvalidAsynchronousStateException: При вызове данного метода произошла ошибка.  Поток-получатель больше не существует.
   в System.Windows.Forms.WindowsFormsSynchronizationContext.Send(SendOrPostCallback d, Object state)
   в Awesomium.Core.WebCore.wvjjlbeQdqUVO5E6FXD(Object , Object , Object )
   в Awesomium.Core.WebCore.ioXQMTP1sf()
[0601/153843:INFO:(0)] WebCore is now online.
[0601/153843:INFO:(0)] Running Awesomium 1.7.5.1
[0601/153913:WARNING:Awesomium.NET(0)] System.ComponentModel.InvalidAsynchronousStateException: При вызове данного метода произошла ошибка.  Поток-получатель больше не существует.
   в System.Windows.Forms.WindowsFormsSynchronizationContext.Send(SendOrPostCallback d, Object state)
   в Awesomium.Core.WebCore.wvjjlbeQdqUVO5E6FXD(Object , Object , Object )
   в Awesomium.Core.WebCore.ioXQMTP1sf()
[0601/164734:INFO:(0)] WebCore is now online.
[0601/164734:INFO:(0)] Running Awesomium 1.7.5.1
[0601/164754:WARNING:Awesomium.NET(0)] Awesomium.Core.AweInvalidOperationException: The calling thread cannot access this object because a different thread owns it.


[0601/164757:WARNING:Awesomium.NET(0)] Awesomium.Core.AweInvalidOperationException: The calling thread cannot access this object because a different thread owns it.


